[2026-02-08 14:04:00] [START] >>> KAIZEN NEXT WAVE SPAWNER ACTIVATED <<<
[2026-02-08 14:04:00] [INFO] Workspace: C:/Users/Borat/.openclaw/workspace
[2026-02-08 14:04:00] [INFO] Check interval: 10 minutes
[2026-02-08 14:04:00] [INFO] Deliverables monitored: 4
[2026-02-08 14:04:00] [INFO] Watching for: RESOLVED_DATA_FIXED.json, FEE_ADJUSTED_STRATEGIES.md, TRADEABLE_MARKETS.json, NEW_VIABLE_STRATEGIES.md
[2026-02-08 14:04:00] [WAVE] >>> SPAWNING WAVE 1: Data Processing
[2026-02-08 14:05:00] [SPAWN] >>> SPAWNED: data_collector (ID: kaizen_7421, Trigger: wave1)
[2026-02-08 14:05:00] [SPAWN] >>> SPAWNED: market_scanner (ID: kaizen_3856, Trigger: wave1)
[2026-02-08 14:05:00] [SPAWN] >>> SPAWNED: data_validator (ID: kaizen_9203, Trigger: wave1)
[2026-02-08 14:05:00] [SUCCESS] Wave wave1 complete. Spawned 3 agents.
[2026-02-08 14:05:00] [STATUS] Active agents: 3 | Wave1:✓ Wave2:○ Wave3:○ Wave4:○
[2026-02-08 14:05:00] [INFO] Waiting for deliverables or next wave trigger...
[2026-02-08 14:05:00] [SLEEP] Sleeping for 10 minutes... (Kaizen never stops!)
[2026-02-08 14:16:13] [ITERATION] === ITERATION 2 | Elapsed: 12.2 min ===
[2026-02-08 14:16:13] [SPAWN] 🚀 SPAWNING: backtest_agent (ID: kaizen_4911, Trigger: deliverable:RESOLVED_DATA_FIXED.json)
[2026-02-08 14:16:13] [SUCCESS] 📦 NEW DELIVERABLE: RESOLVED_DATA_FIXED.json → Spawned backtest_agent
[2026-02-08 14:16:13] [SPAWN] 🚀 SPAWNING: risk_modeler (ID: kaizen_3883, Trigger: deliverable:FEE_ADJUSTED_STRATEGIES.md)
[2026-02-08 14:16:13] [SUCCESS] 📦 NEW DELIVERABLE: FEE_ADJUSTED_STRATEGIES.md → Spawned risk_modeler
[2026-02-08 14:16:13] [SPAWN] 🚀 SPAWNING: opportunity_scanner (ID: kaizen_3407, Trigger: deliverable:TRADEABLE_MARKETS.json)
[2026-02-08 14:16:13] [SUCCESS] 📦 NEW DELIVERABLE: TRADEABLE_MARKETS.json → Spawned opportunity_scanner
[2026-02-08 14:16:13] [SPAWN] 🚀 SPAWNING: paper_trader (ID: kaizen_4914, Trigger: deliverable:NEW_VIABLE_STRATEGIES.md)
[2026-02-08 14:16:13] [SUCCESS] 📦 NEW DELIVERABLE: NEW_VIABLE_STRATEGIES.md → Spawned paper_trader
[2026-02-08 14:16:13] [WAVE] 🌊 SPAWNING WAVE: Strategy Development
[2026-02-08 14:16:13] [SPAWN] 🚀 SPAWNING: backtester (ID: kaizen_5903, Trigger: wave2)
[2026-02-08 14:16:13] [SPAWN] 🚀 SPAWNING: risk_modeler (ID: kaizen_5217, Trigger: wave2)
[2026-02-08 14:16:13] [SPAWN] 🚀 SPAWNING: opportunity_scanner (ID: kaizen_7976, Trigger: wave2)
[2026-02-08 14:16:13] [SUCCESS] ✅ Wave wave2 complete. Spawned 3 agents.
[2026-02-08 14:16:13] [STATUS] 📊 Status: 6 agents | W1:True W2:True W3:False W4:False
[2026-02-08 14:16:13] [SLEEP] 💤 Sleeping for 10 minutes... (Kaizen never stops!)
[2026-02-08 14:26:13] [ITERATION] === ITERATION 3 | Elapsed: 22.2 min ===
[2026-02-08 14:26:13] [STATUS] 📊 Status: 6 agents | W1:True W2:True W3:False W4:False
[2026-02-08 14:26:13] [SLEEP] 💤 Sleeping for 10 minutes... (Kaizen never stops!)
