2026-02-08 05:37:39,367 | INFO |    [Memory Manager] No existing Elon positions found - will scan markets
2026-02-08 05:37:39,405 | INFO |    Duration: 20 minutes
2026-02-08 05:37:39,405 | INFO |    Check Interval: 5 minutes
2026-02-08 05:37:39,405 | INFO |    Active Positions: 0
2026-02-08 05:37:39,405 | INFO |    Agent Stack: 5 agents ready
2026-02-08 05:37:39,405 | INFO | 
============================================================
2026-02-08 05:37:39,411 | INFO | ============================================================
2026-02-08 05:37:39,411 | INFO | 
============================================================
2026-02-08 05:37:39,411 | INFO | ============================================================
2026-02-08 05:42:40,024 | INFO | 
============================================================
2026-02-08 05:42:40,024 | INFO | ============================================================
2026-02-08 05:47:40,771 | INFO | 
============================================================
2026-02-08 05:47:40,778 | INFO | ============================================================
2026-02-08 05:52:41,444 | INFO | 
============================================================
2026-02-08 05:52:41,451 | INFO | ============================================================
2026-02-08 05:52:42,173 | INFO | 
============================================================
2026-02-08 05:52:42,175 | INFO | ============================================================
2026-02-08 05:52:42,202 | INFO | 
============================================================
2026-02-08 05:52:42,202 | INFO | ============================================================
2026-02-08 05:52:42,202 | ERROR | Session error: 'charmap' codec can't encode character '\u2705' in position 2: character maps to <undefined>
